<?xml version="1.0" encoding="UTF-8"?>
<!-- Generated by org.testng.reporters.JUnitReportReporter -->
<testsuite hostname="DESKTOP-C4MOHRM" failures="0" tests="5" name="TestRunner.TestRunner" time="84.402" errors="0" timestamp="2025-07-15T10:51:16 IST" skipped="0">
  <testcase classname="TestRunner.TestRunner" name="runScenario" time="19.936"/>
  <testcase classname="TestRunner.TestRunner" name="runScenario" time="16.059"/>
  <testcase classname="TestRunner.TestRunner" name="runScenario" time="15.886"/>
  <testcase classname="TestRunner.TestRunner" name="runScenario" time="16.936"/>
  <testcase classname="TestRunner.TestRunner" name="runScenario" time="15.585"/>
</testsuite> <!-- TestRunner.TestRunner -->
